\BOOKMARK [1][-]{section.1}{\376\377\000E\000i\000n\000l\000e\000i\000t\000u\000n\000g}{}% 1
\BOOKMARK [1][-]{section.2}{\376\377\000G\000r\000u\000n\000d\000l\000a\000g\000e\000n}{}% 2
\BOOKMARK [2][-]{subsection.2.1}{\376\377\000A\000b\000s\000t\000\344\000n\000d\000e\000\040\000a\000u\000f\000\040\000g\000e\000o\000m\000e\000t\000r\000i\000s\000c\000h\000e\000n\000\040\000G\000r\000a\000p\000h\000e\000n}{section.2}% 3
\BOOKMARK [2][-]{subsection.2.2}{\376\377\000L\000o\000k\000a\000l\000e\000\040\000O\000p\000t\000i\000m\000i\000e\000r\000u\000n\000g\000e\000n}{section.2}% 4
\BOOKMARK [2][-]{subsection.2.3}{\376\377\000O\000p\000t\000i\000m\000a\000l\000e\000\040\000G\000r\000a\000p\000h\000-\000Z\000u\000o\000r\000d\000n\000u\000n\000g\000e\000n}{section.2}% 5
\BOOKMARK [1][-]{section.3}{\376\377\000E\000i\000n\000\040\000p\000o\000l\000y\000n\000o\000m\000i\000e\000l\000l\000e\000r\000\040\000A\000l\000g\000o\000r\000i\000t\000h\000m\000u\000s}{}% 6
\BOOKMARK [2][-]{subsection.3.1}{\376\377\000E\000i\000n\000s\000c\000h\000r\000\344\000n\000k\000u\000n\000g\000e\000n\000\040\000a\000n\000\040\000d\000i\000e\000\040\000G\000r\000a\000p\000h\000-\000Z\000u\000o\000r\000d\000n\000u\000n\000g\000e\000n}{section.3}% 7
\BOOKMARK [3][-]{subsubsection.3.1.1}{\376\377\000E\000r\000s\000t\000e\000\040\000E\000i\000n\000s\000c\000h\000r\000\344\000n\000k\000u\000n\000g}{subsection.3.1}% 8
\BOOKMARK [3][-]{subsubsection.3.1.2}{\376\377\000Z\000w\000e\000i\000t\000e\000\040\000E\000i\000n\000s\000c\000h\000r\000\344\000n\000k\000u\000n\000g}{subsection.3.1}% 9
\BOOKMARK [2][-]{subsection.3.2}{\376\377\000A\000n\000s\000\344\000t\000z\000e\000\040\000u\000n\000d\000\040\000B\000e\000s\000c\000h\000r\000e\000i\000b\000u\000n\000g\000\040\000e\000i\000n\000e\000s\000\040\000p\000o\000l\000y\000n\000o\000m\000i\000e\000l\000l\000e\000n\000\040\000A\000l\000g\000o\000r\000i\000t\000h\000m\000u\000s}{section.3}% 10
\BOOKMARK [3][-]{subsubsection.3.2.1}{\376\377\000-\000P\000l\000a\000t\000z\000i\000e\000r\000u\000n\000g\000e\000n\000\040\000d\000e\000r\000\040\000K\000n\000o\000t\000e\000n}{subsection.3.2}% 11
\BOOKMARK [3][-]{subsubsection.3.2.2}{\376\377\000S\000c\000h\000r\000i\000t\000t\000\040\0001}{subsection.3.2}% 12
\BOOKMARK [3][-]{subsubsection.3.2.3}{\376\377\000S\000c\000h\000r\000i\000t\000t\000\040\0002}{subsection.3.2}% 13
\BOOKMARK [3][-]{subsubsection.3.2.4}{\376\377\000E\000x\000i\000s\000t\000e\000n\000z\000\040\000e\000i\000n\000e\000r\000\040\000\050\000s\000c\000h\000w\000a\000c\000h\000e\000n\000\051\000\040\000-\000P\000l\000a\000t\000z\000i\000e\000r\000u\000n\000g\000\040\000v\000o\000n\000\040\000G\0001}{subsection.3.2}% 14
\BOOKMARK [3][-]{subsubsection.3.2.5}{\376\377\000S\000c\000h\000r\000i\000t\000t\000\040\0003}{subsection.3.2}% 15
\BOOKMARK [3][-]{subsubsection.3.2.6}{\376\377\000O\000p\000t\000i\000m\000a\000l\000e\000\040\000\050\000s\000c\000h\000w\000a\000c\000h\000e\000\051\000\040\000K\000a\000n\000t\000e\000n\000-\000P\000l\000a\000t\000z\000i\000e\000r\000u\000n\000g\000e\000n}{subsection.3.2}% 16
\BOOKMARK [3][-]{subsubsection.3.2.7}{\376\377\000K\000o\000n\000s\000t\000r\000u\000k\000t\000i\000o\000n\000\040\000e\000i\000n\000e\000r\000\040\000o\000p\000t\000i\000m\000a\000l\000e\000n\000\040\000-\000P\000l\000a\000t\000z\000i\000e\000r\000u\000n\000g\000\040\000v\000o\000n\000\040\000G\0001}{subsection.3.2}% 17
\BOOKMARK [3][-]{subsubsection.3.2.8}{\376\377\000S\000c\000h\000r\000i\000t\000t\000\040\0004}{subsection.3.2}% 18
\BOOKMARK [2][-]{subsection.3.3}{\376\377\000E\000i\000n\000\040\000B\000e\000i\000s\000p\000i\000e\000l}{section.3}% 19
\BOOKMARK [1][-]{section.4}{\376\377\000K\000o\000m\000p\000l\000e\000x\000i\000t\000\344\000t}{}% 20
\BOOKMARK [2][-]{subsubsection.4.0.1}{\376\377\000N\000P\000-\000S\000c\000h\000w\000e\000r\000h\000e\000i\000t\000\040\000v\000o\000n\000\040\000M\000i\000n\000-\000S\000u\000m\000\050\000w\000\051\000F}{section.4}% 21
\BOOKMARK [1][-]{section.5}{\376\377\000A\000u\000s\000b\000l\000i\000c\000k}{}% 22
